<?xml version="1.0" encoding="UTF-8"?>
<!-- Generated by org.testng.reporters.JUnitXMLReporter -->
<testsuite hostname="DESKTOP-PLTB7U0" name="RTU" tests="4" failures="0" timestamp="14 Apr 2020 08:50:28 GMT" time="45.129" errors="0">
  <testcase name="RTUCalibration" time="14.532" classname="com.dywl.iot.testCase.RTU.RTU_Update_Page">
    <skipped/>
  </testcase> <!-- RTUCalibration -->
  <testcase name="RTUCalibration" time="7.848" classname="com.dywl.iot.testCase.RTU.RTU_Update_Page">
    <failure type="java.lang.AssertionError" message="expected [true] but found [false]">
      <![CDATA[java.lang.AssertionError: expected [true] but found [false]
	at com.dywl.iot.base.BaseTest.assertPartialTextPresent(BaseTest.java:475)
	at com.dywl.iot.base.BaseTest.assertPartialTextPresent(BaseTest.java:485)
	at com.dywl.iot.testCase.RTU.RTU_Update_Page.RTUCalibration(RTU_Update_Page.java:43)
... Removed 28 stack frames]]>
    </failure>
  </testcase> <!-- RTUCalibration -->
  <testcase name="RTUCalibration" time="7.194" classname="com.dywl.iot.testCase.RTU.RTU_Update_Page">
    <failure type="java.lang.AssertionError" message="expected [true] but found [false]">
      <![CDATA[java.lang.AssertionError: expected [true] but found [false]
	at com.dywl.iot.base.BaseTest.assertPartialTextPresent(BaseTest.java:475)
	at com.dywl.iot.base.BaseTest.assertPartialTextPresent(BaseTest.java:485)
	at com.dywl.iot.testCase.RTU.RTU_Update_Page.RTUCalibration(RTU_Update_Page.java:43)
... Removed 28 stack frames]]>
    </failure>
  </testcase> <!-- RTUCalibration -->
  <testcase name="RTUFastCalibration" time="15.057" classname="com.dywl.iot.testCase.RTU.RTU_Update_Page"/>
</testsuite> <!-- RTU -->
