<?xml version="1.0" encoding="UTF-8"?>
<!-- Generated by org.testng.reporters.JUnitXMLReporter -->
<testsuite hostname="DESKTOP-PLTB7U0" name="RTUA" tests="4" failures="0" timestamp="21 Apr 2020 07:55:20 GMT" time="71.186" errors="0">
  <testcase name="addRtu" time="38.038" classname="com.dywl.iot.testCase.RTU.RTU_Add_Page"/>
  <testcase name="addWithNoRtuNum" time="15.663" classname="com.dywl.iot.testCase.RTU.RTU_Add_Page"/>
  <testcase name="addWithNoScene" time="8.921" classname="com.dywl.iot.testCase.RTU.RTU_Add_Page"/>
  <testcase name="addWithNogprs" time="8.219" classname="com.dywl.iot.testCase.RTU.RTU_Add_Page"/>
</testsuite> <!-- RTUA -->
